Traceback (most recent call last):
  File "/nas/ucb/mason/ethically-compliant-rl/PPOL_New/train_ppol_high_limit.py", line 16, in <module>
    from utils import load_environment
ModuleNotFoundError: No module named 'utils'
Traceback (most recent call last):
  File "/nas/ucb/mason/ethically-compliant-rl/PPOL_New/train_ppol_high_limit.py", line 16, in <module>
    from utils import load_environment
ModuleNotFoundError: No module named 'utils'
Traceback (most recent call last):
  File "/nas/ucb/mason/ethically-compliant-rl/PPOL_New/train_ppol_high_limit.py", line 16, in <module>
    from utils import load_environment
ModuleNotFoundError: No module named 'utils'
srun: error: ddpg.ist.berkeley.edu: task 0: Exited with exit code 1
srun: error: dqn.ist.berkeley.edu: task 0: Exited with exit code 1
srun: error: airl.ist.berkeley.edu: task 0: Exited with exit code 1
srun: Job 116068 step creation temporarily disabled, retrying (Requested nodes are busy)
srun: Step created for StepId=116068.3
Traceback (most recent call last):
  File "/nas/ucb/mason/ethically-compliant-rl/PPOL_New/train_ppol_high_limit.py", line 16, in <module>
    from utils import load_environment
ModuleNotFoundError: No module named 'utils'
srun: error: airl.ist.berkeley.edu: task 0: Exited with exit code 1
srun: Job 116068 step creation temporarily disabled, retrying (Requested nodes are busy)
srun: Step created for StepId=116068.4
srun: Job 116068 step creation temporarily disabled, retrying (Requested nodes are busy)
srun: Step created for StepId=116068.5
Traceback (most recent call last):
  File "/nas/ucb/mason/ethically-compliant-rl/PPOL_New/train_ppol_high_limit.py", line 16, in <module>
    from utils import load_environment
ModuleNotFoundError: No module named 'utils'
srun: error: airl.ist.berkeley.edu: task 0: Exited with exit code 1
srun: Job 116068 step creation temporarily disabled, retrying (Requested nodes are busy)
srun: Step created for StepId=116068.6
srun: Job 116068 step creation temporarily disabled, retrying (Requested nodes are busy)
srun: Step created for StepId=116068.7
Traceback (most recent call last):
  File "/nas/ucb/mason/ethically-compliant-rl/PPOL_New/train_ppol_high_limit.py", line 16, in <module>
    from utils import load_environment
ModuleNotFoundError: No module named 'utils'
srun: error: ddpg.ist.berkeley.edu: task 0: Exited with exit code 1
Traceback (most recent call last):
  File "/nas/ucb/mason/ethically-compliant-rl/PPOL_New/train_ppol_high_limit.py", line 16, in <module>
    from utils import load_environment
ModuleNotFoundError: No module named 'utils'
srun: error: airl.ist.berkeley.edu: task 0: Exited with exit code 1
Traceback (most recent call last):
  File "/nas/ucb/mason/ethically-compliant-rl/PPOL_New/train_ppol_high_limit.py", line 16, in <module>
    from utils import load_environment
ModuleNotFoundError: No module named 'utils'
srun: error: dqn.ist.berkeley.edu: task 0: Exited with exit code 1
